# JRE version: OpenJDK Runtime Environment (8.0_112-b06) (build 1.8.0_112-release-b06)
# Java VM: OpenJDK 64-Bit Server VM (25.112-b06 mixed mode linux-amd64 compressed oops)
Heap:
 PSYoungGen      total 349696K, used 0K [0x00000000e0000000, 0x0000000100000000, 0x0000000100000000)
  eden space 175104K, 0% used [0x00000000e0000000,0x00000000e0000000,0x00000000eab00000)
  from space 174592K, 0% used [0x00000000f5580000,0x00000000f5580000,0x0000000100000000)
  to   space 174592K, 0% used [0x00000000eab00000,0x00000000eab00000,0x00000000f5580000)
 ParOldGen       total 779264K, used 553128K [0x00000000a0000000, 0x00000000cf900000, 0x00000000e0000000)
  object space 779264K, 70% used [0x00000000a0000000,0x00000000c1c2a158,0x00000000cf900000)
 Metaspace       used 79155K, capacity 82626K, committed 82840K, reserved 1122304K
  class space    used 9828K, capacity 10398K, committed 10416K, reserved 1048576K
GC Heap History (10 events):
Event: 5513,930 GC heap after
Heap after GC invocations=75 (full 13):
 PSYoungGen      total 343552K, used 53952K [0x00000000e0000000, 0x00000000ffa00000, 0x0000000100000000)
  eden space 175104K, 0% used [0x00000000e0000000,0x00000000e0000000,0x00000000eab00000)
  from space 168448K, 32% used [0x00000000f5580000,0x00000000f8a30000,0x00000000ffa00000)
  to   space 171520K, 0% used [0x00000000eab00000,0x00000000eab00000,0x00000000f5280000)
 ParOldGen       total 779264K, used 527953K [0x00000000a0000000, 0x00000000cf900000, 0x00000000e0000000)
  object space 779264K, 67% used [0x00000000a0000000,0x00000000c03945c0,0x00000000cf900000)
 Metaspace       used 79137K, capacity 82626K, committed 82840K, reserved 1122304K
  class space    used 9827K, capacity 10398K, committed 10416K, reserved 1048576K
}
Event: 5514,402 GC heap before
{Heap before GC invocations=76 (full 13):
 PSYoungGen      total 343552K, used 229056K [0x00000000e0000000, 0x00000000ffa00000, 0x0000000100000000)
  eden space 175104K, 100% used [0x00000000e0000000,0x00000000eab00000,0x00000000eab00000)
  from space 168448K, 32% used [0x00000000f5580000,0x00000000f8a30000,0x00000000ffa00000)
  to   space 171520K, 0% used [0x00000000eab00000,0x00000000eab00000,0x00000000f5280000)
 ParOldGen       total 779264K, used 527953K [0x00000000a0000000, 0x00000000cf900000, 0x00000000e0000000)
  object space 779264K, 67% used [0x00000000a0000000,0x00000000c03945c0,0x00000000cf900000)
 Metaspace       used 79140K, capacity 82626K, committed 82840K, reserved 1122304K
  class space    used 9827K, capacity 10398K, committed 10416K, reserved 1048576K
Event: 5514,547 GC heap after
Heap after GC invocations=76 (full 13):
 PSYoungGen      total 346624K, used 108064K [0x00000000e0000000, 0x0000000100000000, 0x0000000100000000)
  eden space 175104K, 0% used [0x00000000e0000000,0x00000000e0000000,0x00000000eab00000)
  from space 171520K, 63% used [0x00000000eab00000,0x00000000f1488000,0x00000000f5280000)
  to   space 174592K, 0% used [0x00000000f5580000,0x00000000f5580000,0x0000000100000000)
 ParOldGen       total 779264K, used 527953K [0x00000000a0000000, 0x00000000cf900000, 0x00000000e0000000)
  object space 779264K, 67% used [0x00000000a0000000,0x00000000c03945c0,0x00000000cf900000)
 Metaspace       used 79140K, capacity 82626K, committed 82840K, reserved 1122304K
  class space    used 9827K, capacity 10398K, committed 10416K, reserved 1048576K
}
Event: 5515,014 GC heap before
{Heap before GC invocations=77 (full 13):
 PSYoungGen      total 346624K, used 283168K [0x00000000e0000000, 0x0000000100000000, 0x0000000100000000)
  eden space 175104K, 100% used [0x00000000e0000000,0x00000000eab00000,0x00000000eab00000)
  from space 171520K, 63% used [0x00000000eab00000,0x00000000f1488000,0x00000000f5280000)
  to   space 174592K, 0% used [0x00000000f5580000,0x00000000f5580000,0x0000000100000000)
 ParOldGen       total 779264K, used 527953K [0x00000000a0000000, 0x00000000cf900000, 0x00000000e0000000)
  object space 779264K, 67% used [0x00000000a0000000,0x00000000c03945c0,0x00000000cf900000)
 Metaspace       used 79140K, capacity 82626K, committed 82840K, reserved 1122304K
  class space    used 9827K, capacity 10398K, committed 10416K, reserved 1048576K
Event: 5515,205 GC heap after
Heap after GC invocations=77 (full 13):
 PSYoungGen      total 349696K, used 162304K [0x00000000e0000000, 0x0000000100000000, 0x0000000100000000)
  eden space 175104K, 0% used [0x00000000e0000000,0x00000000e0000000,0x00000000eab00000)
  from space 174592K, 92% used [0x00000000f5580000,0x00000000ff400000,0x0000000100000000)
  to   space 174592K, 0% used [0x00000000eab00000,0x00000000eab00000,0x00000000f5580000)
 ParOldGen       total 779264K, used 527953K [0x00000000a0000000, 0x00000000cf900000, 0x00000000e0000000)
  object space 779264K, 67% used [0x00000000a0000000,0x00000000c03945c0,0x00000000cf900000)
 Metaspace       used 79140K, capacity 82626K, committed 82840K, reserved 1122304K
  class space    used 9827K, capacity 10398K, committed 10416K, reserved 1048576K
}
Event: 5515,576 GC heap before
{Heap before GC invocations=78 (full 13):
 PSYoungGen      total 349696K, used 337408K [0x00000000e0000000, 0x0000000100000000, 0x0000000100000000)
  eden space 175104K, 100% used [0x00000000e0000000,0x00000000eab00000,0x00000000eab00000)
  from space 174592K, 92% used [0x00000000f5580000,0x00000000ff400000,0x0000000100000000)
  to   space 174592K, 0% used [0x00000000eab00000,0x00000000eab00000,0x00000000f5580000)
 ParOldGen       total 779264K, used 527953K [0x00000000a0000000, 0x00000000cf900000, 0x00000000e0000000)
  object space 779264K, 67% used [0x00000000a0000000,0x00000000c03945c0,0x00000000cf900000)
 Metaspace       used 79144K, capacity 82626K, committed 82840K, reserved 1122304K
  class space    used 9827K, capacity 10398K, committed 10416K, reserved 1048576K
Event: 5515,941 GC heap after
Heap after GC invocations=78 (full 13):
 PSYoungGen      total 349696K, used 110176K [0x00000000e0000000, 0x0000000100000000, 0x0000000100000000)
  eden space 175104K, 0% used [0x00000000e0000000,0x00000000e0000000,0x00000000eab00000)
  from space 174592K, 63% used [0x00000000eab00000,0x00000000f1698000,0x00000000f5580000)
  to   space 174592K, 0% used [0x00000000f5580000,0x00000000f5580000,0x0000000100000000)
 ParOldGen       total 779264K, used 636321K [0x00000000a0000000, 0x00000000cf900000, 0x00000000e0000000)
  object space 779264K, 81% used [0x00000000a0000000,0x00000000c6d685c0,0x00000000cf900000)
 Metaspace       used 79144K, capacity 82626K, committed 82840K, reserved 1122304K
  class space    used 9827K, capacity 10398K, committed 10416K, reserved 1048576K
}
Event: 5516,365 GC heap before
{Heap before GC invocations=79 (full 13):
 PSYoungGen      total 349696K, used 285280K [0x00000000e0000000, 0x0000000100000000, 0x0000000100000000)
  eden space 175104K, 100% used [0x00000000e0000000,0x00000000eab00000,0x00000000eab00000)
  from space 174592K, 63% used [0x00000000eab00000,0x00000000f1698000,0x00000000f5580000)
  to   space 174592K, 0% used [0x00000000f5580000,0x00000000f5580000,0x0000000100000000)
 ParOldGen       total 779264K, used 636321K [0x00000000a0000000, 0x00000000cf900000, 0x00000000e0000000)
  object space 779264K, 81% used [0x00000000a0000000,0x00000000c6d685c0,0x00000000cf900000)
 Metaspace       used 79155K, capacity 82626K, committed 82840K, reserved 1122304K
  class space    used 9828K, capacity 10398K, committed 10416K, reserved 1048576K
Event: 5516,639 GC heap after
Heap after GC invocations=79 (full 13):
 PSYoungGen      total 349696K, used 47424K [0x00000000e0000000, 0x0000000100000000, 0x0000000100000000)
  eden space 175104K, 0% used [0x00000000e0000000,0x00000000e0000000,0x00000000eab00000)
  from space 174592K, 27% used [0x00000000f5580000,0x00000000f83d0010,0x0000000100000000)
  to   space 174592K, 0% used [0x00000000eab00000,0x00000000eab00000,0x00000000f5580000)
 ParOldGen       total 779264K, used 746769K [0x00000000a0000000, 0x00000000cf900000, 0x00000000e0000000)
  object space 779264K, 95% used [0x00000000a0000000,0x00000000cd9445c0,0x00000000cf900000)
 Metaspace       used 79155K, capacity 82626K, committed 82840K, reserved 1122304K
  class space    used 9828K, capacity 10398K, committed 10416K, reserved 1048576K
}
Event: 5516,639 GC heap before
{Heap before GC invocations=80 (full 14):
 PSYoungGen      total 349696K, used 47424K [0x00000000e0000000, 0x0000000100000000, 0x0000000100000000)
  eden space 175104K, 0% used [0x00000000e0000000,0x00000000e0000000,0x00000000eab00000)
  from space 174592K, 27% used [0x00000000f5580000,0x00000000f83d0010,0x0000000100000000)
  to   space 174592K, 0% used [0x00000000eab00000,0x00000000eab00000,0x00000000f5580000)
 ParOldGen       total 779264K, used 746769K [0x00000000a0000000, 0x00000000cf900000, 0x00000000e0000000)
  object space 779264K, 95% used [0x00000000a0000000,0x00000000cd9445c0,0x00000000cf900000)
 Metaspace       used 79155K, capacity 82626K, committed 82840K, reserved 1122304K
  class space    used 9828K, capacity 10398K, committed 10416K, reserved 1048576K

